Status: FAILURE

122/130 tasks completed. 2 running.

Output files:

00000011.tif → /cluster/tufts/perseus_ocr/nidaba/OCR/953e803e-bde5-4cd2-8269-4ab22dddd7fa/00000011_img.rgb_to_gray_binarize.otsu_ocr.kraken_grc_teubner_postprocessing.spell_check_polytonic_greek_False.xml
00000003.tif → /cluster/tufts/perseus_ocr/nidaba/OCR/953e803e-bde5-4cd2-8269-4ab22dddd7fa/00000003_img.rgb_to_gray_binarize.otsu_ocr.kraken_grc_teubner_postprocessing.spell_check_polytonic_greek_False.xml
00000016.tif → /cluster/tufts/perseus_ocr/nidaba/OCR/953e803e-bde5-4cd2-8269-4ab22dddd7fa/00000016_img.rgb_to_gray_binarize.otsu_ocr.kraken_grc_teubner_postprocessing.spell_check_polytonic_greek_False.xml
00000012.tif → /cluster/tufts/perseus_ocr/nidaba/OCR/953e803e-bde5-4cd2-8269-4ab22dddd7fa/00000012_img.rgb_to_gray_binarize.otsu_ocr.kraken_grc_teubner_postprocessing.spell_check_polytonic_greek_False.xml
00000001.tif → /cluster/tufts/perseus_ocr/nidaba/OCR/953e803e-bde5-4cd2-8269-4ab22dddd7fa/00000001_img.rgb_to_gray_binarize.otsu_ocr.kraken_grc_teubner_postprocessing.spell_check_polytonic_greek_False.xml
00000018.tif → /cluster/tufts/perseus_ocr/nidaba/OCR/953e803e-bde5-4cd2-8269-4ab22dddd7fa/00000018_img.rgb_to_gray_binarize.otsu_ocr.kraken_grc_teubner_postprocessing.spell_check_polytonic_greek_False.xml
00000017.tif → /cluster/tufts/perseus_ocr/nidaba/OCR/953e803e-bde5-4cd2-8269-4ab22dddd7fa/00000017_img.rgb_to_gray_binarize.otsu_ocr.kraken_grc_teubner_postprocessing.spell_check_polytonic_greek_False.xml
00000025.tif → /cluster/tufts/perseus_ocr/nidaba/OCR/953e803e-bde5-4cd2-8269-4ab22dddd7fa/00000025_img.rgb_to_gray_binarize.otsu_ocr.kraken_grc_teubner_postprocessing.spell_check_polytonic_greek_False.xml
00000009.tif → /cluster/tufts/perseus_ocr/nidaba/OCR/953e803e-bde5-4cd2-8269-4ab22dddd7fa/00000009_img.rgb_to_gray_binarize.otsu_ocr.kraken_grc_teubner_postprocessing.spell_check_polytonic_greek_False.xml
00000022.tif → /cluster/tufts/perseus_ocr/nidaba/OCR/953e803e-bde5-4cd2-8269-4ab22dddd7fa/00000022_img.rgb_to_gray_binarize.otsu_ocr.kraken_grc_teubner_postprocessing.spell_check_polytonic_greek_False.xml
00000015.tif → /cluster/tufts/perseus_ocr/nidaba/OCR/953e803e-bde5-4cd2-8269-4ab22dddd7fa/00000015_img.rgb_to_gray_binarize.otsu_ocr.kraken_grc_teubner_postprocessing.spell_check_polytonic_greek_False.xml
00000014.tif → /cluster/tufts/perseus_ocr/nidaba/OCR/953e803e-bde5-4cd2-8269-4ab22dddd7fa/00000014_img.rgb_to_gray_binarize.otsu_ocr.kraken_grc_teubner_postprocessing.spell_check_polytonic_greek_False.xml
00000008.tif → /cluster/tufts/perseus_ocr/nidaba/OCR/953e803e-bde5-4cd2-8269-4ab22dddd7fa/00000008_img.rgb_to_gray_binarize.otsu_ocr.kraken_grc_teubner_postprocessing.spell_check_polytonic_greek_False.xml
00000019.tif → /cluster/tufts/perseus_ocr/nidaba/OCR/953e803e-bde5-4cd2-8269-4ab22dddd7fa/00000019_img.rgb_to_gray_binarize.otsu_ocr.kraken_grc_teubner_postprocessing.spell_check_polytonic_greek_False.xml
00000005.tif → /cluster/tufts/perseus_ocr/nidaba/OCR/953e803e-bde5-4cd2-8269-4ab22dddd7fa/00000005_img.rgb_to_gray_binarize.otsu_ocr.kraken_grc_teubner_postprocessing.spell_check_polytonic_greek_False.xml
00000020.tif → /cluster/tufts/perseus_ocr/nidaba/OCR/953e803e-bde5-4cd2-8269-4ab22dddd7fa/00000020_img.rgb_to_gray_binarize.otsu_ocr.kraken_grc_teubner_postprocessing.spell_check_polytonic_greek_False.xml
00000010.tif → /cluster/tufts/perseus_ocr/nidaba/OCR/953e803e-bde5-4cd2-8269-4ab22dddd7fa/00000010_img.rgb_to_gray_binarize.otsu_ocr.kraken_grc_teubner_postprocessing.spell_check_polytonic_greek_False.xml
00000006.tif → /cluster/tufts/perseus_ocr/nidaba/OCR/953e803e-bde5-4cd2-8269-4ab22dddd7fa/00000006_img.rgb_to_gray_binarize.otsu_ocr.kraken_grc_teubner_postprocessing.spell_check_polytonic_greek_False.xml
00000013.tif → /cluster/tufts/perseus_ocr/nidaba/OCR/953e803e-bde5-4cd2-8269-4ab22dddd7fa/00000013_img.rgb_to_gray_binarize.otsu_ocr.kraken_grc_teubner_postprocessing.spell_check_polytonic_greek_False.xml
00000004.tif → /cluster/tufts/perseus_ocr/nidaba/OCR/953e803e-bde5-4cd2-8269-4ab22dddd7fa/00000004_img.rgb_to_gray_binarize.otsu_ocr.kraken_grc_teubner_postprocessing.spell_check_polytonic_greek_False.xml
00000026.tif → /cluster/tufts/perseus_ocr/nidaba/OCR/953e803e-bde5-4cd2-8269-4ab22dddd7fa/00000026_img.rgb_to_gray_binarize.otsu_ocr.kraken_grc_teubner_postprocessing.spell_check_polytonic_greek_False.xml
00000021.tif → /cluster/tufts/perseus_ocr/nidaba/OCR/953e803e-bde5-4cd2-8269-4ab22dddd7fa/00000021_img.rgb_to_gray_binarize.otsu_ocr.kraken_grc_teubner_postprocessing.spell_check_polytonic_greek_False.xml
00000007.tif → /cluster/tufts/perseus_ocr/nidaba/OCR/953e803e-bde5-4cd2-8269-4ab22dddd7fa/00000007_img.rgb_to_gray_binarize.otsu_ocr.kraken_grc_teubner_postprocessing.spell_check_polytonic_greek_False.xml

Errors:

nidaba.ocr.kraken (00000023.tif): index 5000 is out of bounds for axis 0 with size 5000
