Status: FAILURE

291/300 tasks completed. 1 running.

Output files:

00000017.tif → /cluster/tufts/perseus_ocr/nidaba/OCR/55c07199-436e-4839-98e9-2154735dd558/00000017_img.rgb_to_gray_binarize.otsu_ocr.tesseract_grc+eng.tif_postprocessing.spell_check_polytonic_greek_False.xml
00000032.tif → /cluster/tufts/perseus_ocr/nidaba/OCR/55c07199-436e-4839-98e9-2154735dd558/00000032_img.rgb_to_gray_binarize.otsu_ocr.tesseract_grc+eng.tif_postprocessing.spell_check_polytonic_greek_False.xml
00000054.tif → /cluster/tufts/perseus_ocr/nidaba/OCR/55c07199-436e-4839-98e9-2154735dd558/00000054_img.rgb_to_gray_binarize.otsu_ocr.tesseract_grc+eng.tif_postprocessing.spell_check_polytonic_greek_False.xml
00000011.tif → /cluster/tufts/perseus_ocr/nidaba/OCR/55c07199-436e-4839-98e9-2154735dd558/00000011_img.rgb_to_gray_binarize.otsu_ocr.tesseract_grc+eng.tif_postprocessing.spell_check_polytonic_greek_False.xml
00000009.tif → /cluster/tufts/perseus_ocr/nidaba/OCR/55c07199-436e-4839-98e9-2154735dd558/00000009_img.rgb_to_gray_binarize.otsu_ocr.tesseract_grc+eng.tif_postprocessing.spell_check_polytonic_greek_False.xml
00000043.tif → /cluster/tufts/perseus_ocr/nidaba/OCR/55c07199-436e-4839-98e9-2154735dd558/00000043_img.rgb_to_gray_binarize.otsu_ocr.tesseract_grc+eng.tif_postprocessing.spell_check_polytonic_greek_False.xml
00000035.tif → /cluster/tufts/perseus_ocr/nidaba/OCR/55c07199-436e-4839-98e9-2154735dd558/00000035_img.rgb_to_gray_binarize.otsu_ocr.tesseract_grc+eng.tif_postprocessing.spell_check_polytonic_greek_False.xml
00000058.tif → /cluster/tufts/perseus_ocr/nidaba/OCR/55c07199-436e-4839-98e9-2154735dd558/00000058_img.rgb_to_gray_binarize.otsu_ocr.tesseract_grc+eng.tif_postprocessing.spell_check_polytonic_greek_False.xml
00000028.tif → /cluster/tufts/perseus_ocr/nidaba/OCR/55c07199-436e-4839-98e9-2154735dd558/00000028_img.rgb_to_gray_binarize.otsu_ocr.tesseract_grc+eng.tif_postprocessing.spell_check_polytonic_greek_False.xml
00000022.tif → /cluster/tufts/perseus_ocr/nidaba/OCR/55c07199-436e-4839-98e9-2154735dd558/00000022_img.rgb_to_gray_binarize.otsu_ocr.tesseract_grc+eng.tif_postprocessing.spell_check_polytonic_greek_False.xml
00000039.tif → /cluster/tufts/perseus_ocr/nidaba/OCR/55c07199-436e-4839-98e9-2154735dd558/00000039_img.rgb_to_gray_binarize.otsu_ocr.tesseract_grc+eng.tif_postprocessing.spell_check_polytonic_greek_False.xml
00000001.tif → /cluster/tufts/perseus_ocr/nidaba/OCR/55c07199-436e-4839-98e9-2154735dd558/00000001_img.rgb_to_gray_binarize.otsu_ocr.tesseract_grc+eng.tif_postprocessing.spell_check_polytonic_greek_False.xml
00000008.tif → /cluster/tufts/perseus_ocr/nidaba/OCR/55c07199-436e-4839-98e9-2154735dd558/00000008_img.rgb_to_gray_binarize.otsu_ocr.tesseract_grc+eng.tif_postprocessing.spell_check_polytonic_greek_False.xml
00000013.tif → /cluster/tufts/perseus_ocr/nidaba/OCR/55c07199-436e-4839-98e9-2154735dd558/00000013_img.rgb_to_gray_binarize.otsu_ocr.tesseract_grc+eng.tif_postprocessing.spell_check_polytonic_greek_False.xml
00000024.tif → /cluster/tufts/perseus_ocr/nidaba/OCR/55c07199-436e-4839-98e9-2154735dd558/00000024_img.rgb_to_gray_binarize.otsu_ocr.tesseract_grc+eng.tif_postprocessing.spell_check_polytonic_greek_False.xml
00000031.tif → /cluster/tufts/perseus_ocr/nidaba/OCR/55c07199-436e-4839-98e9-2154735dd558/00000031_img.rgb_to_gray_binarize.otsu_ocr.tesseract_grc+eng.tif_postprocessing.spell_check_polytonic_greek_False.xml
00000047.tif → /cluster/tufts/perseus_ocr/nidaba/OCR/55c07199-436e-4839-98e9-2154735dd558/00000047_img.rgb_to_gray_binarize.otsu_ocr.tesseract_grc+eng.tif_postprocessing.spell_check_polytonic_greek_False.xml
00000019.tif → /cluster/tufts/perseus_ocr/nidaba/OCR/55c07199-436e-4839-98e9-2154735dd558/00000019_img.rgb_to_gray_binarize.otsu_ocr.tesseract_grc+eng.tif_postprocessing.spell_check_polytonic_greek_False.xml
00000048.tif → /cluster/tufts/perseus_ocr/nidaba/OCR/55c07199-436e-4839-98e9-2154735dd558/00000048_img.rgb_to_gray_binarize.otsu_ocr.tesseract_grc+eng.tif_postprocessing.spell_check_polytonic_greek_False.xml
00000038.tif → /cluster/tufts/perseus_ocr/nidaba/OCR/55c07199-436e-4839-98e9-2154735dd558/00000038_img.rgb_to_gray_binarize.otsu_ocr.tesseract_grc+eng.tif_postprocessing.spell_check_polytonic_greek_False.xml
00000042.tif → /cluster/tufts/perseus_ocr/nidaba/OCR/55c07199-436e-4839-98e9-2154735dd558/00000042_img.rgb_to_gray_binarize.otsu_ocr.tesseract_grc+eng.tif_postprocessing.spell_check_polytonic_greek_False.xml
00000051.tif → /cluster/tufts/perseus_ocr/nidaba/OCR/55c07199-436e-4839-98e9-2154735dd558/00000051_img.rgb_to_gray_binarize.otsu_ocr.tesseract_grc+eng.tif_postprocessing.spell_check_polytonic_greek_False.xml
00000049.tif → /cluster/tufts/perseus_ocr/nidaba/OCR/55c07199-436e-4839-98e9-2154735dd558/00000049_img.rgb_to_gray_binarize.otsu_ocr.tesseract_grc+eng.tif_postprocessing.spell_check_polytonic_greek_False.xml
00000018.tif → /cluster/tufts/perseus_ocr/nidaba/OCR/55c07199-436e-4839-98e9-2154735dd558/00000018_img.rgb_to_gray_binarize.otsu_ocr.tesseract_grc+eng.tif_postprocessing.spell_check_polytonic_greek_False.xml
00000056.tif → /cluster/tufts/perseus_ocr/nidaba/OCR/55c07199-436e-4839-98e9-2154735dd558/00000056_img.rgb_to_gray_binarize.otsu_ocr.tesseract_grc+eng.tif_postprocessing.spell_check_polytonic_greek_False.xml
00000060.tif → /cluster/tufts/perseus_ocr/nidaba/OCR/55c07199-436e-4839-98e9-2154735dd558/00000060_img.rgb_to_gray_binarize.otsu_ocr.tesseract_grc+eng.tif_postprocessing.spell_check_polytonic_greek_False.xml
00000026.tif → /cluster/tufts/perseus_ocr/nidaba/OCR/55c07199-436e-4839-98e9-2154735dd558/00000026_img.rgb_to_gray_binarize.otsu_ocr.tesseract_grc+eng.tif_postprocessing.spell_check_polytonic_greek_False.xml
00000036.tif → /cluster/tufts/perseus_ocr/nidaba/OCR/55c07199-436e-4839-98e9-2154735dd558/00000036_img.rgb_to_gray_binarize.otsu_ocr.tesseract_grc+eng.tif_postprocessing.spell_check_polytonic_greek_False.xml
00000046.tif → /cluster/tufts/perseus_ocr/nidaba/OCR/55c07199-436e-4839-98e9-2154735dd558/00000046_img.rgb_to_gray_binarize.otsu_ocr.tesseract_grc+eng.tif_postprocessing.spell_check_polytonic_greek_False.xml
00000057.tif → /cluster/tufts/perseus_ocr/nidaba/OCR/55c07199-436e-4839-98e9-2154735dd558/00000057_img.rgb_to_gray_binarize.otsu_ocr.tesseract_grc+eng.tif_postprocessing.spell_check_polytonic_greek_False.xml
00000020.tif → /cluster/tufts/perseus_ocr/nidaba/OCR/55c07199-436e-4839-98e9-2154735dd558/00000020_img.rgb_to_gray_binarize.otsu_ocr.tesseract_grc+eng.tif_postprocessing.spell_check_polytonic_greek_False.xml
00000045.tif → /cluster/tufts/perseus_ocr/nidaba/OCR/55c07199-436e-4839-98e9-2154735dd558/00000045_img.rgb_to_gray_binarize.otsu_ocr.tesseract_grc+eng.tif_postprocessing.spell_check_polytonic_greek_False.xml
00000023.tif → /cluster/tufts/perseus_ocr/nidaba/OCR/55c07199-436e-4839-98e9-2154735dd558/00000023_img.rgb_to_gray_binarize.otsu_ocr.tesseract_grc+eng.tif_postprocessing.spell_check_polytonic_greek_False.xml
00000015.tif → /cluster/tufts/perseus_ocr/nidaba/OCR/55c07199-436e-4839-98e9-2154735dd558/00000015_img.rgb_to_gray_binarize.otsu_ocr.tesseract_grc+eng.tif_postprocessing.spell_check_polytonic_greek_False.xml
00000010.tif → /cluster/tufts/perseus_ocr/nidaba/OCR/55c07199-436e-4839-98e9-2154735dd558/00000010_img.rgb_to_gray_binarize.otsu_ocr.tesseract_grc+eng.tif_postprocessing.spell_check_polytonic_greek_False.xml
00000044.tif → /cluster/tufts/perseus_ocr/nidaba/OCR/55c07199-436e-4839-98e9-2154735dd558/00000044_img.rgb_to_gray_binarize.otsu_ocr.tesseract_grc+eng.tif_postprocessing.spell_check_polytonic_greek_False.xml
00000050.tif → /cluster/tufts/perseus_ocr/nidaba/OCR/55c07199-436e-4839-98e9-2154735dd558/00000050_img.rgb_to_gray_binarize.otsu_ocr.tesseract_grc+eng.tif_postprocessing.spell_check_polytonic_greek_False.xml
00000055.tif → /cluster/tufts/perseus_ocr/nidaba/OCR/55c07199-436e-4839-98e9-2154735dd558/00000055_img.rgb_to_gray_binarize.otsu_ocr.tesseract_grc+eng.tif_postprocessing.spell_check_polytonic_greek_False.xml
00000016.tif → /cluster/tufts/perseus_ocr/nidaba/OCR/55c07199-436e-4839-98e9-2154735dd558/00000016_img.rgb_to_gray_binarize.otsu_ocr.tesseract_grc+eng.tif_postprocessing.spell_check_polytonic_greek_False.xml
00000003.tif → /cluster/tufts/perseus_ocr/nidaba/OCR/55c07199-436e-4839-98e9-2154735dd558/00000003_img.rgb_to_gray_binarize.otsu_ocr.tesseract_grc+eng.tif_postprocessing.spell_check_polytonic_greek_False.xml
00000012.tif → /cluster/tufts/perseus_ocr/nidaba/OCR/55c07199-436e-4839-98e9-2154735dd558/00000012_img.rgb_to_gray_binarize.otsu_ocr.tesseract_grc+eng.tif_postprocessing.spell_check_polytonic_greek_False.xml
00000034.tif → /cluster/tufts/perseus_ocr/nidaba/OCR/55c07199-436e-4839-98e9-2154735dd558/00000034_img.rgb_to_gray_binarize.otsu_ocr.tesseract_grc+eng.tif_postprocessing.spell_check_polytonic_greek_False.xml
00000021.tif → /cluster/tufts/perseus_ocr/nidaba/OCR/55c07199-436e-4839-98e9-2154735dd558/00000021_img.rgb_to_gray_binarize.otsu_ocr.tesseract_grc+eng.tif_postprocessing.spell_check_polytonic_greek_False.xml
00000005.tif → /cluster/tufts/perseus_ocr/nidaba/OCR/55c07199-436e-4839-98e9-2154735dd558/00000005_img.rgb_to_gray_binarize.otsu_ocr.tesseract_grc+eng.tif_postprocessing.spell_check_polytonic_greek_False.xml
00000040.tif → /cluster/tufts/perseus_ocr/nidaba/OCR/55c07199-436e-4839-98e9-2154735dd558/00000040_img.rgb_to_gray_binarize.otsu_ocr.tesseract_grc+eng.tif_postprocessing.spell_check_polytonic_greek_False.xml
00000014.tif → /cluster/tufts/perseus_ocr/nidaba/OCR/55c07199-436e-4839-98e9-2154735dd558/00000014_img.rgb_to_gray_binarize.otsu_ocr.tesseract_grc+eng.tif_postprocessing.spell_check_polytonic_greek_False.xml
00000027.tif → /cluster/tufts/perseus_ocr/nidaba/OCR/55c07199-436e-4839-98e9-2154735dd558/00000027_img.rgb_to_gray_binarize.otsu_ocr.tesseract_grc+eng.tif_postprocessing.spell_check_polytonic_greek_False.xml
00000025.tif → /cluster/tufts/perseus_ocr/nidaba/OCR/55c07199-436e-4839-98e9-2154735dd558/00000025_img.rgb_to_gray_binarize.otsu_ocr.tesseract_grc+eng.tif_postprocessing.spell_check_polytonic_greek_False.xml
00000004.tif → /cluster/tufts/perseus_ocr/nidaba/OCR/55c07199-436e-4839-98e9-2154735dd558/00000004_img.rgb_to_gray_binarize.otsu_ocr.tesseract_grc+eng.tif_postprocessing.spell_check_polytonic_greek_False.xml
00000002.tif → /cluster/tufts/perseus_ocr/nidaba/OCR/55c07199-436e-4839-98e9-2154735dd558/00000002_img.rgb_to_gray_binarize.otsu_ocr.tesseract_grc+eng.tif_postprocessing.spell_check_polytonic_greek_False.xml
00000006.tif → /cluster/tufts/perseus_ocr/nidaba/OCR/55c07199-436e-4839-98e9-2154735dd558/00000006_img.rgb_to_gray_binarize.otsu_ocr.tesseract_grc+eng.tif_postprocessing.spell_check_polytonic_greek_False.xml
00000030.tif → /cluster/tufts/perseus_ocr/nidaba/OCR/55c07199-436e-4839-98e9-2154735dd558/00000030_img.rgb_to_gray_binarize.otsu_ocr.tesseract_grc+eng.tif_postprocessing.spell_check_polytonic_greek_False.xml
00000052.tif → /cluster/tufts/perseus_ocr/nidaba/OCR/55c07199-436e-4839-98e9-2154735dd558/00000052_img.rgb_to_gray_binarize.otsu_ocr.tesseract_grc+eng.tif_postprocessing.spell_check_polytonic_greek_False.xml
00000037.tif → /cluster/tufts/perseus_ocr/nidaba/OCR/55c07199-436e-4839-98e9-2154735dd558/00000037_img.rgb_to_gray_binarize.otsu_ocr.tesseract_grc+eng.tif_postprocessing.spell_check_polytonic_greek_False.xml
00000053.tif → /cluster/tufts/perseus_ocr/nidaba/OCR/55c07199-436e-4839-98e9-2154735dd558/00000053_img.rgb_to_gray_binarize.otsu_ocr.tesseract_grc+eng.tif_postprocessing.spell_check_polytonic_greek_False.xml
00000033.tif → /cluster/tufts/perseus_ocr/nidaba/OCR/55c07199-436e-4839-98e9-2154735dd558/00000033_img.rgb_to_gray_binarize.otsu_ocr.tesseract_grc+eng.tif_postprocessing.spell_check_polytonic_greek_False.xml

Errors:

nidaba.ocr.tesseract (00000029.tif): Tesseract killed by signal: 11
nidaba.ocr.tesseract (00000041.tif): Tesseract killed by signal: 11
nidaba.ocr.tesseract (00000007.tif): Tesseract killed by signal: 11
